<?xml version="1.0" encoding="UTF-8"?>
<!-- Generated by org.testng.reporters.JUnitXMLReporter -->
<testsuite hostname="Ritesh-P" ignored="0" name="Default test" tests="6" failures="0" timestamp="2020-07-19T19:19:38 IST" time="6.145" errors="0">
  <testcase name="getListOfUsers" time="2.304" classname="test.ParametersTest"/>
  <testcase name="getListOfUsers" time="0.739" classname="test.ParametersTest"/>
  <testcase name="getListOfUsers" time="0.757" classname="test.ParametersTest"/>
  <testcase name="getSingleUser" time="0.752" classname="test.ParametersTest"/>
  <testcase name="getSingleUser" time="0.741" classname="test.ParametersTest"/>
  <testcase name="getSingleUser" time="0.803" classname="test.ParametersTest"/>
</testsuite> <!-- Default test -->
